[debug] > Exec(early(addDefaultCommands), None, None)
[debug] > Exec(addDefaultCommands, None, None)
[debug] > Exec(early(initialize), None, None)
[debug] > Exec(initialize, None, None)
[debug] > Exec(boot, None, None)
[debug] > Exec(writeSbtVersion, None, None)
[debug] > Exec(reload, None, None)
[debug] > Exec(sbtStashOnFailure, None, None)
[debug] > Exec(onFailure loadFailed, None, None)
[debug] > Exec(loadp, None, None)
[info] welcome to sbt 1.8.2 (Oracle Corporation Java 17.0.3.1)
[debug] Load.defaultLoad until apply took 31.355792ms
[debug]           Load.loadUnit: plugins took 34.078291ms
[debug]           Load.loadUnit: defsScala took 0.088209ms
[debug] [Loading] Scanning directory /Users/cbs/Desktop/Scala/Scala_tutorial/t19_Lists/project
[debug] [Loading] Found non-root projects 
[debug] [Loading] Done in /Users/cbs/Desktop/Scala/Scala_tutorial/t19_Lists/project, returning: ()
[debug] deducing auto plugins based on known facts Set(Atom(sbt.plugins.CorePlugin)) and clauses Clauses(Clause(Atom(sbt.plugins.JvmPlugin),Set(Atom(sbt.plugins.IvyPlugin)))
[debug] Clause(Atom(sbt.ScriptedPlugin),Set(Atom(sbt.plugins.JvmPlugin)))
[debug] Clause(Atom(sbt.plugins.SbtPlugin),Set(Atom(sbt.ScriptedPlugin)))
[debug] Clause(Atom(sbt.plugins.SemanticdbPlugin),Set(Atom(sbt.plugins.JvmPlugin)))
[debug] Clause(Atom(sbt.plugins.JUnitXmlReportPlugin),Set(Atom(sbt.plugins.JvmPlugin)))
[debug] Clause(Atom(sbt.plugins.MiniDependencyTreePlugin),Set(Atom(sbt.plugins.JvmPlugin)))
[debug] Clause(Atom(sbt.plugins.CorePlugin),Set(Atom(sbt.plugins.IvyPlugin)))
[debug] Clause(Atom(sbt.plugins.IvyPlugin),Set(Atom(sbt.plugins.JvmPlugin)))
[debug] Clause(Atom(sbt.plugins.JvmPlugin),Set(Atom(sbt.plugins.SemanticdbPlugin)))
[debug] Clause(Atom(sbt.plugins.JvmPlugin),Set(Atom(sbt.plugins.JUnitXmlReportPlugin)))
[debug] Clause(Atom(sbt.plugins.CorePlugin),Set(Atom(sbt.plugins.Giter8TemplatePlugin)))
[debug] Clause(Atom(sbt.plugins.JvmPlugin),Set(Atom(sbt.plugins.MiniDependencyTreePlugin))))
[debug]   :: deduced result: Matched(sbt.plugins.CorePlugin,sbt.plugins.Giter8TemplatePlugin,sbt.plugins.IvyPlugin,sbt.plugins.JvmPlugin,sbt.plugins.MiniDependencyTreePlugin,sbt.plugins.JUnitXmlReportPlugin,sbt.plugins.SemanticdbPlugin)
[debug] Plugins.deducer#function took 5.932875 ms
[debug]               Load.resolveProject(t19_lists-build) took 19.050208ms
[debug]             Load.loadTransitive: finalizeProject(Project(id t19_lists-build, base: /Users/cbs/Desktop/Scala/Scala_tutorial/t19_Lists/project, plugins: List(<none>))) took 35.081042ms
[debug] [Loading] Done in /Users/cbs/Desktop/Scala/Scala_tutorial/t19_Lists/project, returning: (t19_lists-build)
[debug]           Load.loadUnit: loadedProjectsRaw took 43.208584ms
[debug]           Load.loadUnit: cleanEvalClasses took 0.069084ms
[debug]         Load.loadUnit(file:/Users/cbs/Desktop/Scala/Scala_tutorial/t19_Lists/project/, ...) took 79.378833ms
[debug]       Load.apply: load took 624.193292ms
[debug]       Load.apply: resolveProjects took 2.349958ms
[debug]       Load.apply: finalTransforms took 25.906875ms
[debug]       Load.apply: config.delegates took 2.480417ms
[debug]       Load.apply: Def.make(settings)... took 167.243042ms
[debug]       Load.apply: structureIndex took 34.290625ms
[debug]       Load.apply: mkStreams took 0.5455ms
[info] loading project definition from /Users/cbs/Desktop/Scala/Scala_tutorial/t19_Lists/project
[debug] Running task... Cancel: Signal, check cycles: false, forcegc: true
[debug]     Load.loadUnit: plugins took 1397.99125ms
[debug]     Load.loadUnit: defsScala took 0.001959ms
[debug] [Loading] Scanning directory /Users/cbs/Desktop/Scala/Scala_tutorial/t19_Lists
[debug]       Load.loadUnit: mkEval took 2.487542ms
[debug] [Loading] Found root project root w/ remaining 
[debug] deducing auto plugins based on known facts Set(Atom(sbt.plugins.CorePlugin)) and clauses Clauses(Clause(Atom(sbt.plugins.JvmPlugin),Set(Atom(sbt.plugins.IvyPlugin)))
[debug] Clause(Atom(sbt.ScriptedPlugin),Set(Atom(sbt.plugins.JvmPlugin)))
[debug] Clause(Atom(sbt.plugins.SbtPlugin),Set(Atom(sbt.ScriptedPlugin)))
[debug] Clause(Atom(sbt.plugins.SemanticdbPlugin),Set(Atom(sbt.plugins.JvmPlugin)))
[debug] Clause(Atom(sbt.plugins.JUnitXmlReportPlugin),Set(Atom(sbt.plugins.JvmPlugin)))
[debug] Clause(Atom(sbt.plugins.MiniDependencyTreePlugin),Set(Atom(sbt.plugins.JvmPlugin)))
[debug] Clause(Atom(sbt.plugins.CorePlugin),Set(Atom(sbt.plugins.IvyPlugin)))
[debug] Clause(Atom(sbt.plugins.IvyPlugin),Set(Atom(sbt.plugins.JvmPlugin)))
[debug] Clause(Atom(sbt.plugins.JvmPlugin),Set(Atom(sbt.plugins.SemanticdbPlugin)))
[debug] Clause(Atom(sbt.plugins.JvmPlugin),Set(Atom(sbt.plugins.JUnitXmlReportPlugin)))
[debug] Clause(Atom(sbt.plugins.CorePlugin),Set(Atom(sbt.plugins.Giter8TemplatePlugin)))
[debug] Clause(Atom(sbt.plugins.JvmPlugin),Set(Atom(sbt.plugins.MiniDependencyTreePlugin))))
[debug]   :: deduced result: Matched(sbt.plugins.CorePlugin,sbt.plugins.Giter8TemplatePlugin,sbt.plugins.IvyPlugin,sbt.plugins.JvmPlugin,sbt.plugins.MiniDependencyTreePlugin,sbt.plugins.JUnitXmlReportPlugin,sbt.plugins.SemanticdbPlugin)
[debug] Plugins.deducer#function took 0.897666 ms
[info] loading settings for project root from build.sbt ...
[debug]         Load.resolveProject(root) took 1.167542ms
[debug]       Load.loadTransitive: finalizeProject(Project(id root, base: /Users/cbs/Desktop/Scala/Scala_tutorial/t19_Lists, plugins: List(<none>))) took 2.467583ms
[debug] [Loading] Done in /Users/cbs/Desktop/Scala/Scala_tutorial/t19_Lists, returning: (root)
[debug]     Load.loadUnit: loadedProjectsRaw took 62.631125ms
[debug]     Load.loadUnit: cleanEvalClasses took 2.2165ms
[debug]   Load.loadUnit(file:/Users/cbs/Desktop/Scala/Scala_tutorial/t19_Lists/, ...) took 1463.456292ms
[debug] Load.apply: load took 1469.790041ms
[debug] Load.apply: resolveProjects took 0.050958ms
[debug] Load.apply: finalTransforms took 6.037084ms
[debug] Load.apply: config.delegates took 0.225666ms
[debug] Load.apply: Def.make(settings)... took 47.048792ms
[debug] Load.apply: structureIndex took 15.819ms
[debug] Load.apply: mkStreams took 0.0015ms
[info] set current project to t19_Lists (in build file:/Users/cbs/Desktop/Scala/Scala_tutorial/t19_Lists/)
[debug] > Exec(sbtPopOnFailure, None, None)
[debug] > Exec(resumeFromFailure, None, None)
[debug] > Exec(notifyUsersAboutShell, None, None)
[debug] > Exec(iflast shell, None, None)
[debug] > Exec(shell, None, None)
[info] sbt server started at local:///Users/cbs/.sbt/1.0/server/fbad14127a88411d7ba0/sock
[debug] Writing bsp connection file
[info] started sbt server
